{"[Level]":"info","[tag]":"service simple syntax","[TS]":"2023-08-28T20:46:27+08:00","[Caller]":"/Users/hq/GeeVong/SimpleGo/log/log.go:13","[Msg]":"testing no buffer chan"}
{"[Level]":"info","[tag]":"service simple syntax","[TS]":"2023-08-28T20:46:30+08:00","[Caller]":"/Users/hq/GeeVong/SimpleGo/log/log.go:13","[Msg]":"接收到数据:10"}
{"[Level]":"info","[Caller]":"/Users/hq/GeeVong/SimpleGo/common/channel.go:36","[tag]":"service simple syntax","[Msg]":"testing no buffer chan"}
{"[Level]":"info","[Caller]":"/Users/hq/GeeVong/SimpleGo/common/channel.go:42","[tag]":"service simple syntax","[Msg]":"接收到数据:10"}
{"[Level]":"info","[Caller]":"/Users/hq/GeeVong/SimpleGo/common/channel.go:36","[tag]":"service simple syntax","[TS]":"2023-08-28T20:51:20+08:00","[Msg]":"testing no buffer chan"}
{"[Level]":"info","[Caller]":"/Users/hq/GeeVong/SimpleGo/common/channel.go:42","[tag]":"service simple syntax","[TS]":"2023-08-28T20:51:20+08:00","[Msg]":"接收到数据:10"}
{"[Level]":"info","[Caller]":"/Users/hq/GeeVong/SimpleGo/log/zerolog/event.go:790","[tag]":"service simple syntax","[TS]":"2023-08-28T20:54:21+08:00","[Msg]":"testing no buffer chan"}
{"[Level]":"info","[Caller]":"/Users/hq/GeeVong/SimpleGo/log/zerolog/event.go:790","[tag]":"service simple syntax","[TS]":"2023-08-28T20:54:21+08:00","[Msg]":"接收到数据:10"}
{"[Level]":"info","[Caller]":"/Users/hq/GeeVong/SimpleGo/log/log.go:13","[tag]":"service simple syntax","[TS]":"2023-08-28T20:54:27+08:00","[Msg]":"testing no buffer chan"}
{"[Level]":"info","[Caller]":"/Users/hq/GeeVong/SimpleGo/log/log.go:13","[tag]":"service simple syntax","[TS]":"2023-08-28T20:54:27+08:00","[Msg]":"接收到数据:10"}
{"[Level]":"info","[Caller]":"/Users/hq/GeeVong/SimpleGo/common/channel.go:46","[tag]":"service simple syntax","[TS]":"2023-08-28T20:56:09+08:00","[Msg]":"====111"}
{"[Level]":"info","[Caller]":"/Users/hq/GeeVong/SimpleGo/common/channel.go:36","[tag]":"service simple syntax","[TS]":"2023-08-28T20:56:09+08:00","[Msg]":"testing no buffer chan"}
{"[Level]":"info","[Caller]":"/Users/hq/GeeVong/SimpleGo/common/channel.go:42","[tag]":"service simple syntax","[TS]":"2023-08-28T20:56:09+08:00","[Msg]":"接收到数据:10"}
{"[Level]":"info","[Caller]":"/Users/hq/GeeVong/SimpleGo/common/channel.go:48","[tag]":"service simple syntax","[TS]":"2023-08-28T20:56:09+08:00","[Msg]":"数据发送成功"}
{"[Level]":"error","[tag]":"service simple syntax","[TS]":"2023-08-28T20:56:48+08:00","[Msg]":"====111"}
{"[Level]":"info","[Caller]":"/Users/hq/GeeVong/SimpleGo/common/channel.go:36","[tag]":"service simple syntax","[TS]":"2023-08-28T20:56:48+08:00","[Msg]":"testing no buffer chan"}
{"[Level]":"info","[Caller]":"/Users/hq/GeeVong/SimpleGo/common/channel.go:42","[tag]":"service simple syntax","[TS]":"2023-08-28T20:56:48+08:00","[Msg]":"接收到数据:10"}
{"[Level]":"warn","[tag]":"service simple syntax","[TS]":"2023-08-28T20:56:48+08:00","[Msg]":"数据发送成功"}
{"[Level]":"error","[tag]":"service simple syntax","[TS]":"2023-08-28T20:58:29+08:00","[Msg]":"====111"}
{"[Level]":"info","[Caller]":"/Users/hq/GeeVong/SimpleGo/common/channel.go:36","[tag]":"service simple syntax","[TS]":"2023-08-28T20:58:29+08:00","[Msg]":"testing no buffer chan"}
{"[Level]":"info","[Caller]":"/Users/hq/GeeVong/SimpleGo/common/channel.go:42","[tag]":"service simple syntax","[TS]":"2023-08-28T20:58:29+08:00","[Msg]":"接收到数据:10"}
{"[Level]":"warn","[tag]":"service simple syntax","[TS]":"2023-08-28T20:58:29+08:00","[Msg]":"数据发送成功"}
{"[Level]":"error","[tag]":"service simple syntax","[TS]":"2023-08-28T21:00:30+08:00","[Msg]":"====111"}
{"[Level]":"info","[Caller]":"/Users/hq/GeeVong/SimpleGo/common/channel.go:36","[tag]":"service simple syntax","[TS]":"2023-08-28T21:00:30+08:00","[Msg]":"testing no buffer chan"}
{"[Level]":"info","[Caller]":"/Users/hq/GeeVong/SimpleGo/common/channel.go:42","[tag]":"service simple syntax","[TS]":"2023-08-28T21:00:30+08:00","[Msg]":"接收到数据:10"}
{"[Level]":"warn","[tag]":"service simple syntax","[TS]":"2023-08-28T21:00:30+08:00","[Msg]":"计算5+5=10"}
{"[Level]":"error","[Caller]":"/Users/hq/GeeVong/SimpleGo/common/channel.go:46","[tag]":"service simple syntax","[TS]":"2023-08-28T21:02:37+08:00","[Msg]":"====111"}
{"[Level]":"info","[Caller]":"/Users/hq/GeeVong/SimpleGo/common/channel.go:36","[tag]":"service simple syntax","[TS]":"2023-08-28T21:02:37+08:00","[Msg]":"testing no buffer chan"}
{"[Level]":"info","[Caller]":"/Users/hq/GeeVong/SimpleGo/common/channel.go:42","[tag]":"service simple syntax","[TS]":"2023-08-28T21:02:37+08:00","[Msg]":"接收到数据:10"}
{"[Level]":"debug","[Caller]":"/Users/hq/GeeVong/SimpleGo/common/channel.go:48","[tag]":"service simple syntax","[TS]":"2023-08-28T21:02:37+08:00","[Msg]":"data seed success "}
{"[Level]":"warn","[Caller]":"/Users/hq/GeeVong/SimpleGo/common/channel.go:50","[tag]":"service simple syntax","[TS]":"2023-08-28T21:02:37+08:00","[Msg]":"计算5+5=10"}
{"[Level]":"error","[Caller]":"/Users/hq/GeeVong/SimpleGo/common/channel.go:46","[TS]":"2023-08-28T21:10:47+08:00","[Msg]":"====111"}
{"[Level]":"info","[Caller]":"/Users/hq/GeeVong/SimpleGo/common/channel.go:36","[TS]":"2023-08-28T21:10:47+08:00","[Msg]":"testing no buffer chan"}
{"[Level]":"info","[Caller]":"/Users/hq/GeeVong/SimpleGo/common/channel.go:42","[TS]":"2023-08-28T21:10:47+08:00","[Msg]":"接收到数据:10"}
{"[Level]":"debug","[Caller]":"/Users/hq/GeeVong/SimpleGo/common/channel.go:48","[TS]":"2023-08-28T21:10:47+08:00","[Msg]":"data seed success "}
{"[Level]":"warn","[Caller]":"/Users/hq/GeeVong/SimpleGo/common/channel.go:50","[TS]":"2023-08-28T21:10:47+08:00","[Msg]":"计算5+5=10"}
{"[Level]":"error","[Caller]":"/Users/hq/GeeVong/SimpleGo/common/channel.go:46","[tag]":"service simple syntax","[TS]":"2023-08-28T21:14:36+08:00","[Msg]":"====111"}
{"[Level]":"info","[Caller]":"/Users/hq/GeeVong/SimpleGo/common/channel.go:36","[tag]":"service simple syntax","[TS]":"2023-08-28T21:14:36+08:00","[Msg]":"testing no buffer chan"}
{"[Level]":"info","[Caller]":"/Users/hq/GeeVong/SimpleGo/common/channel.go:42","[tag]":"service simple syntax","[TS]":"2023-08-28T21:14:36+08:00","[Msg]":"接收到数据:10"}
{"[Level]":"debug","[Caller]":"/Users/hq/GeeVong/SimpleGo/common/channel.go:48","[tag]":"service simple syntax","[TS]":"2023-08-28T21:14:36+08:00","[Msg]":"data seed success "}
{"[Level]":"warn","[Caller]":"/Users/hq/GeeVong/SimpleGo/common/channel.go:50","[tag]":"service simple syntax","[TS]":"2023-08-28T21:14:36+08:00","[Msg]":"计算5+5=10"}
{"[Level]":"error","[Caller]":"/Users/hq/GeeVong/SimpleGo/common/channel.go:46","[tag]":"service simple syntax","[TS]":"2023-08-28T21:17:52+08:00","[Msg]":"====111"}
{"[Level]":"info","[Caller]":"/Users/hq/GeeVong/SimpleGo/common/channel.go:36","[tag]":"service simple syntax","[TS]":"2023-08-28T21:17:52+08:00","[Msg]":"testing no buffer chan"}
{"[Level]":"info","[Caller]":"/Users/hq/GeeVong/SimpleGo/common/channel.go:42","[tag]":"service simple syntax","[TS]":"2023-08-28T21:17:52+08:00","[Msg]":"接收到数据:10"}
{"[Level]":"debug","[Caller]":"/Users/hq/GeeVong/SimpleGo/common/channel.go:48","[tag]":"service simple syntax","[TS]":"2023-08-28T21:17:52+08:00","[Msg]":"data seed success "}
{"[Level]":"warn","[Caller]":"/Users/hq/GeeVong/SimpleGo/common/channel.go:50","[tag]":"service simple syntax","[TS]":"2023-08-28T21:17:52+08:00","[Msg]":"计算5+5=10"}
